2022-08-27 13:44:21 info: Connecting to Database..
2022-08-27 13:44:22 info: =================================
2022-08-27 13:44:22 info: ======= ENV: development =======
2022-08-27 13:44:22 info: 🚀 App listening on the port 5001
2022-08-27 13:44:22 info: =================================
2022-08-27 13:44:22 info: MongoDb Connected
2022-08-27 13:44:38 info: [0mGET /api/employee [32m200[0m 71.860 ms - 891[0m
2022-08-27 14:12:41 info: [0mGET /api/employee [32m200[0m 67.000 ms - 891[0m
2022-08-27 14:12:41 info: [0mGET /api/employee [32m200[0m 623.161 ms - 891[0m
2022-08-27 14:13:13 info: [0mGET /api/employee [32m200[0m 57.098 ms - 891[0m
2022-08-27 14:13:13 info: [0mGET /api/employee [32m200[0m 57.680 ms - 891[0m
2022-08-27 14:15:54 info: [0mGET /api/employee [32m200[0m 58.061 ms - 891[0m
2022-08-27 14:15:54 info: [0mGET /api/employee [32m200[0m 56.582 ms - 891[0m
2022-08-27 14:18:29 info: [0mGET /api/employee [32m200[0m 60.404 ms - 891[0m
2022-08-27 14:18:29 info: [0mGET /api/employee [32m200[0m 58.982 ms - 891[0m
2022-08-27 14:20:42 info: [0mGET /api/employee [32m200[0m 63.815 ms - 891[0m
2022-08-27 14:20:42 info: [0mGET /api/employee [32m200[0m 61.286 ms - 891[0m
2022-08-27 14:22:08 info: [0mOPTIONS /api/employee/6307a4b39baf2948631635bb [32m204[0m 0.870 ms - 0[0m
2022-08-27 14:22:08 info: [0mDELETE /api/employee/6307a4b39baf2948631635bb [32m200[0m 76.105 ms - 175[0m
2022-08-27 14:24:14 info: [0mOPTIONS /api/employee/6308e9d6fd2f9b7a6ff530db [32m204[0m 0.277 ms - 0[0m
2022-08-27 14:24:14 info: [0mDELETE /api/employee/6308e9d6fd2f9b7a6ff530db [32m200[0m 70.490 ms - 172[0m
2022-08-27 14:24:20 info: [0mGET /api/employee [32m200[0m 58.048 ms - 600[0m
2022-08-27 14:24:20 info: [0mGET /api/employee [32m200[0m 71.607 ms - 600[0m
2022-08-27 14:24:40 info: [0mOPTIONS /api/employee/6308dbd995b767c869fb1b9d [32m204[0m 0.182 ms - 0[0m
2022-08-27 14:24:40 info: [0mDELETE /api/employee/6308dbd995b767c869fb1b9d [32m200[0m 67.773 ms - 194[0m
2022-08-27 14:24:54 info: [0mOPTIONS /api/employee/630713cfa1f71f0924180430 [32m204[0m 0.339 ms - 0[0m
2022-08-27 14:24:54 info: [0mDELETE /api/employee/630713cfa1f71f0924180430 [32m200[0m 67.468 ms - 227[0m
2022-08-27 14:26:13 info: [0mPOST /api/employee [32m201[0m 166.623 ms - 230[0m
2022-08-27 14:26:34 error: [POST] /api/employee >> StatusCode:: 400, Message:: property id should not exist
2022-08-27 14:26:34 info: [0mPOST /api/employee [33m400[0m 7.227 ms - 42[0m
2022-08-27 14:26:40 info: [0mPOST /api/employee [32m201[0m 132.099 ms - 232[0m
2022-08-27 14:27:07 info: [0mPOST /api/employee [32m201[0m 132.330 ms - 235[0m
2022-08-27 14:27:29 info: [0mPOST /api/employee [32m201[0m 137.658 ms - 237[0m
2022-08-27 14:31:11 info: [0mPOST /api/employee [32m201[0m 126.098 ms - 228[0m
2022-08-27 14:31:20 info: [0mPOST /api/employee [32m201[0m 126.546 ms - 223[0m
2022-08-27 14:31:29 info: [0mPOST /api/employee [32m201[0m 129.540 ms - 238[0m
2022-08-27 14:31:40 info: [0mPOST /api/employee [32m201[0m 131.520 ms - 228[0m
2022-08-27 14:31:49 info: [0mPOST /api/employee [32m201[0m 130.797 ms - 229[0m
2022-08-27 14:31:58 info: [0mPOST /api/employee [32m201[0m 125.884 ms - 228[0m
2022-08-27 14:32:06 info: [0mPOST /api/employee [32m201[0m 125.364 ms - 233[0m
2022-08-27 14:32:16 info: [0mGET /api/employee [32m200[0m 67.727 ms - -[0m
2022-08-27 17:55:40 info: Connecting to Database..
2022-08-27 17:55:40 info: [0mGET / [33m404[0m 3.458 ms - 139[0m
2022-08-27 17:59:38 info: Connecting to Database..
2022-08-27 17:59:38 info: =================================
2022-08-27 17:59:38 info: ======= ENV: development =======
2022-08-27 17:59:38 info: 🚀 App listening on the port 5001
2022-08-27 17:59:38 info: =================================
2022-08-27 17:59:39 info: MongoDb Connected
2022-08-27 17:59:44 info: [0mGET /api/employee [32m200[0m 86.966 ms - -[0m
2022-08-27 18:04:51 info: Connecting to Database..
2022-08-27 18:04:51 info: [0mGET / [33m404[0m 3.127 ms - 139[0m
2022-08-27 18:11:20 info: Connecting to Database..
2022-08-27 18:11:20 info: [0mGET / [33m404[0m 3.502 ms - 139[0m
2022-08-27 18:12:53 info: Connecting to Database..
2022-08-27 18:12:53 info: =================================
2022-08-27 18:12:53 info: ======= ENV: development =======
2022-08-27 18:12:53 info: 🚀 App listening on the port 5001
2022-08-27 18:12:53 info: =================================
2022-08-27 18:12:54 info: MongoDb Connected
2022-08-27 18:12:57 info: Connecting to Database..
2022-08-27 18:12:57 info: =================================
2022-08-27 18:12:57 info: ======= ENV: development =======
2022-08-27 18:12:57 info: 🚀 App listening on the port 5001
2022-08-27 18:12:57 info: =================================
2022-08-27 18:12:58 info: MongoDb Connected
2022-08-27 18:13:00 info: Connecting to Database..
2022-08-27 18:13:00 info: =================================
2022-08-27 18:13:00 info: ======= ENV: development =======
2022-08-27 18:13:00 info: 🚀 App listening on the port 5001
2022-08-27 18:13:00 info: =================================
2022-08-27 18:13:01 info: MongoDb Connected
2022-08-27 18:13:33 info: Connecting to Database..
2022-08-27 18:13:33 info: [0mGET / [33m404[0m 3.482 ms - 139[0m
2022-08-27 18:13:35 info: Connecting to Database..
2022-08-27 18:13:35 info: [0mGET /employee [33m404[0m 2.066 ms - 147[0m
2022-08-27 18:14:48 info: Connecting to Database..
2022-08-27 18:14:48 info: [0mGET /api// [32m200[0m 1.722 ms - 2[0m
2022-08-27 18:14:49 info: Connecting to Database..
2022-08-27 18:14:50 info: [0mGET /employee [33m404[0m 2.793 ms - 147[0m
2022-08-27 18:16:02 info: Connecting to Database..
2022-08-27 18:16:02 info: [0mGET /api// [32m200[0m 1.710 ms - 2[0m
2022-08-27 18:16:03 info: Connecting to Database..
2022-08-27 18:16:03 info: [0mGET /employee [33m404[0m 2.782 ms - 147[0m
2022-08-27 18:16:55 info: Connecting to Database..
2022-08-27 18:16:55 info: [0mGET /api// [32m200[0m 1.958 ms - 2[0m
2022-08-27 18:16:56 info: Connecting to Database..
2022-08-27 18:16:56 info: [0mGET /employee [33m404[0m 2.744 ms - 147[0m
2022-08-27 18:17:31 info: Connecting to Database..
2022-08-27 18:17:31 info: [0mGET /api/ [32m200[0m 1.600 ms - 2[0m
2022-08-27 18:17:32 info: Connecting to Database..
2022-08-27 18:17:32 info: [0mGET /employee [33m404[0m 2.719 ms - 147[0m
2022-08-27 18:18:49 info: Connecting to Database..
2022-08-27 18:18:49 info: [0mGET /api/ [32m200[0m 1.786 ms - 2[0m
2022-08-27 18:18:51 info: Connecting to Database..
2022-08-27 18:22:26 info: Connecting to Database..
2022-08-27 18:22:27 info: [0mGET /api/ [32m200[0m 1.609 ms - 2[0m
2022-08-27 18:22:28 info: Connecting to Database..
2022-08-27 18:22:39 info: Connecting to Database..
2022-08-27 18:22:39 info: =================================
2022-08-27 18:22:39 info: ======= ENV: development =======
2022-08-27 18:22:39 info: 🚀 App listening on the port 5001
2022-08-27 18:22:39 info: =================================
2022-08-27 18:22:40 info: MongoDb Connected
2022-08-27 18:22:48 info: Connecting to Database..
2022-08-27 18:22:48 info: [0mGET /api/ [32m200[0m 1.712 ms - 2[0m
2022-08-27 18:22:50 info: Connecting to Database..
2022-08-27 18:25:54 info: Connecting to Database..
2022-08-27 18:25:54 info: =================================
2022-08-27 18:25:54 info: ======= ENV: development =======
2022-08-27 18:25:54 info: 🚀 App listening on the port 5001
2022-08-27 18:25:54 info: =================================
2022-08-27 18:25:55 info: MongoDb Connected
2022-08-27 18:25:59 info: Connecting to Database..
2022-08-27 18:25:59 info: [0mGET /api/ [32m200[0m 1.963 ms - 2[0m
2022-08-27 18:27:30 info: Connecting to Database..
2022-08-27 18:27:30 info: [0mGET /api/ [32m200[0m 1.705 ms - 2[0m
2022-08-27 18:27:55 info: Connecting to Database..
2022-08-27 18:27:55 info: [0mGET /api/ [32m200[0m 1.569 ms - 2[0m
2022-08-27 18:27:55 info: MongoDb Connected
2022-08-27 18:28:13 info: Connecting to Database..
2022-08-27 18:28:14 info: Connecting to Database..
2022-08-27 18:28:14 info: [0mGET /api/ [32m200[0m 1.570 ms - 2[0m
2022-08-27 18:28:15 info: MongoDb Connected
2022-08-27 18:29:03 info: [0mGET / [33m404[0m 6.462 ms - 139[0m
2022-08-27 18:29:09 info: [0mGET /api-docs/ [36m304[0m 13.105 ms - -[0m
2022-08-27 18:29:09 info: [0mGET /api-docs/swagger-ui-bundle.js [36m304[0m 4.551 ms - -[0m
2022-08-27 18:29:09 info: [0mGET /api-docs/swagger-ui-standalone-preset.js [36m304[0m 4.173 ms - -[0m
2022-08-27 18:29:09 info: [0mGET /api-docs/swagger-ui.css [36m304[0m 7.828 ms - -[0m
2022-08-27 18:29:09 info: [0mGET /api-docs/swagger-ui-init.js [32m200[0m 2.344 ms - -[0m
2022-08-27 18:29:09 info: [0mGET /api-docs/favicon-32x32.png [36m304[0m 0.337 ms - -[0m
2022-08-27 18:30:11 info: Connecting to Database..
2022-08-27 18:30:11 info: [0mGET /api/employee [32m200[0m 2.069 ms - 670[0m
2022-08-27 18:30:12 info: Connecting to Database..
2022-08-27 18:30:12 info: [0mGET /api/ [32m200[0m 1.493 ms - 2[0m
2022-08-27 18:33:25 info: [0mGET /api/employee/6309dc48964522056a9683ee [32m200[0m 77.034 ms - 232[0m
2022-08-27 18:37:20 info: Connecting to Database..
2022-08-27 18:37:20 info: [0mGET /api/employee [32m200[0m 1.940 ms - 670[0m
2022-08-27 18:37:20 info: Connecting to Database..
2022-08-27 18:37:20 info: [0mGET /employee/6309dc48964522056a9683ee [33m404[0m 2.508 ms - 172[0m
2022-08-27 18:37:20 info: Connecting to Database..
2022-08-27 18:37:20 info: [0mPOST /employee [33m404[0m 9.200 ms - 148[0m
2022-08-27 18:37:21 info: Connecting to Database..
2022-08-27 18:37:21 info: [0mGET /api/ [32m200[0m 1.426 ms - 2[0m
2022-08-27 18:37:58 info: Connecting to Database..
2022-08-27 18:37:58 info: [0mGET /api/employee [32m200[0m 2.258 ms - 670[0m
2022-08-27 18:37:58 info: Connecting to Database..
2022-08-27 18:37:58 info: [0mGET /employee/6309dc48964522056a9683ee [33m404[0m 2.608 ms - 172[0m
2022-08-27 18:37:58 info: Connecting to Database..
2022-08-27 18:37:58 error: [POST] /api/employee >> StatusCode:: 400, Message:: number must be a phone number
2022-08-27 18:37:58 info: [0mPOST /api/employee [33m400[0m 12.826 ms - 43[0m
2022-08-27 18:38:01 info: Connecting to Database..
2022-08-27 18:38:01 info: [0mGET /api/ [32m200[0m 1.287 ms - 2[0m
2022-08-27 18:39:01 info: Connecting to Database..
2022-08-27 18:39:01 info: [0mGET /api/employee [32m200[0m 2.128 ms - 670[0m
2022-08-27 18:39:01 info: Connecting to Database..
2022-08-27 18:39:01 info: Connecting to Database..
2022-08-27 18:39:01 error: [POST] /api/employee >> StatusCode:: 400, Message:: number must be a phone number
2022-08-27 18:39:01 info: [0mPOST /api/employee [33m400[0m 13.861 ms - 43[0m
2022-08-27 18:39:04 info: Connecting to Database..
2022-08-27 18:39:04 info: [0mGET /api/ [32m200[0m 1.411 ms - 2[0m
2022-08-27 18:43:04 info: Connecting to Database..
2022-08-27 18:43:04 info: [0mGET /api/employee [32m200[0m 2.015 ms - 670[0m
2022-08-27 18:43:04 info: Connecting to Database..
2022-08-27 18:43:04 info: Connecting to Database..
2022-08-27 18:43:04 error: [POST] /api/employee >> StatusCode:: 400, Message:: number must be a phone number
2022-08-27 18:43:04 info: [0mPOST /api/employee [33m400[0m 13.515 ms - 43[0m
2022-08-27 18:43:06 info: Connecting to Database..
2022-08-27 18:43:06 info: [0mGET /api/ [32m200[0m 1.270 ms - 2[0m
2022-08-27 18:44:08 info: Connecting to Database..
2022-08-27 18:44:08 info: [0mGET /api/employee [32m200[0m 2.138 ms - 670[0m
2022-08-27 18:44:08 info: Connecting to Database..
2022-08-27 18:44:08 info: Connecting to Database..
2022-08-27 18:44:08 info: [0mPOST /api/employee [32m201[0m 11.039 ms - 198[0m
2022-08-27 18:44:11 info: Connecting to Database..
2022-08-27 18:44:11 info: [0mGET /api/ [32m200[0m 1.605 ms - 2[0m
2022-08-27 18:49:17 info: Connecting to Database..
2022-08-27 18:49:17 info: [0mGET /api/employee [32m200[0m 2.116 ms - 670[0m
2022-08-27 18:49:17 info: Connecting to Database..
2022-08-27 18:49:17 info: [0mGET /api/employee/6309dc48964522056a9683ee [32m200[0m 0.864 ms - 261[0m
2022-08-27 18:49:17 info: Connecting to Database..
2022-08-27 18:49:17 info: [0mPOST /api/employee [32m201[0m 10.784 ms - 198[0m
2022-08-27 18:49:17 info: Connecting to Database..
2022-08-27 18:49:17 error: [PUT] /api/employee/60706478aad6c9ad19a31c84 >> StatusCode:: 409, Message:: This email dsdsds.Stehr@yahoo.com already exists
2022-08-27 18:49:17 info: [0mPUT /api/employee/60706478aad6c9ad19a31c84 [33m409[0m 5.982 ms - 62[0m
2022-08-27 18:49:20 info: Connecting to Database..
2022-08-27 18:49:20 info: [0mGET /api/ [32m200[0m 1.228 ms - 2[0m
2022-08-27 18:51:05 info: Connecting to Database..
2022-08-27 18:51:05 info: [0mGET /api/employee [32m200[0m 2.046 ms - 670[0m
2022-08-27 18:51:05 info: Connecting to Database..
2022-08-27 18:51:05 info: [0mGET /api/employee/6309dc48964522056a9683ee [32m200[0m 0.761 ms - 261[0m
2022-08-27 18:51:05 info: Connecting to Database..
2022-08-27 18:51:05 info: [0mPOST /api/employee [32m201[0m 10.554 ms - 198[0m
2022-08-27 18:51:05 info: Connecting to Database..
2022-08-27 18:51:05 error: [PUT] /api/employee/60706478aad6c9ad19a31c84 >> StatusCode:: 409, Message:: This email dsdsds.Stehr@yahoo.com already exists
2022-08-27 18:51:05 info: [0mPUT /api/employee/60706478aad6c9ad19a31c84 [33m409[0m 4.558 ms - 62[0m
2022-08-27 18:51:05 info: Connecting to Database..
2022-08-27 18:51:05 info: [0mDELETE /api/employee/60706478aad6c9ad19a31c84 [32m200[0m 0.518 ms - 230[0m
2022-08-27 18:51:08 info: Connecting to Database..
2022-08-27 18:51:08 info: [0mGET /api/ [32m200[0m 1.493 ms - 2[0m
2022-08-27 18:52:02 info: Connecting to Database..
2022-08-27 18:52:02 info: [0mGET /api/employee [32m200[0m 2.056 ms - 670[0m
2022-08-27 18:52:02 info: Connecting to Database..
2022-08-27 18:52:02 info: [0mGET /api/employee/6309dc48964522056a9683ee [32m200[0m 0.680 ms - 261[0m
2022-08-27 18:52:02 info: Connecting to Database..
2022-08-27 18:52:02 info: [0mPOST /api/employee [32m201[0m 10.554 ms - 198[0m
2022-08-27 18:52:02 info: Connecting to Database..
2022-08-27 18:52:02 error: [PUT] /api/employee/60706478aad6c9ad19a31c84 >> StatusCode:: 409, Message:: This email dsdsds.Stehr@yahoo.com already exists
2022-08-27 18:52:02 info: [0mPUT /api/employee/60706478aad6c9ad19a31c84 [33m409[0m 6.163 ms - 62[0m
2022-08-27 18:52:02 info: Connecting to Database..
2022-08-27 18:52:02 info: [0mDELETE /api/employee/60706478aad6c9ad19a31c84 [32m200[0m 0.604 ms - 230[0m
2022-08-27 18:52:05 info: Connecting to Database..
2022-08-27 18:52:05 info: [0mGET /api/ [32m200[0m 1.269 ms - 2[0m
2022-08-27 18:52:32 info: Connecting to Database..
2022-08-27 18:52:32 info: [0mGET /api/employee [32m200[0m 1.993 ms - 670[0m
2022-08-27 18:52:32 info: Connecting to Database..
2022-08-27 18:52:32 info: [0mGET /api/employee/6309dc48964522056a9683ee [32m200[0m 0.855 ms - 261[0m
2022-08-27 18:52:32 info: Connecting to Database..
2022-08-27 18:52:32 info: [0mPOST /api/employee [32m201[0m 9.773 ms - 198[0m
2022-08-27 18:52:32 info: Connecting to Database..
2022-08-27 18:52:32 error: [PUT] /api/employee/60706478aad6c9ad19a31c84 >> StatusCode:: 409, Message:: This email dsdsds.Stehr@yahoo.com already exists
2022-08-27 18:52:32 info: [0mPUT /api/employee/60706478aad6c9ad19a31c84 [33m409[0m 4.502 ms - 62[0m
2022-08-27 18:52:32 info: Connecting to Database..
2022-08-27 18:52:32 info: [0mDELETE /api/employee/60706478aad6c9ad19a31c84 [32m200[0m 0.445 ms - 230[0m
2022-08-27 18:52:35 info: Connecting to Database..
2022-08-27 18:52:35 info: [0mGET /api/ [32m200[0m 1.372 ms - 2[0m
2022-08-27 18:57:20 info: Connecting to Database..
2022-08-27 18:57:20 info: [0mGET /api/employee [32m200[0m 2.189 ms - 670[0m
2022-08-27 18:57:20 info: Connecting to Database..
2022-08-27 18:57:20 info: [0mGET /api/employee/6309dc48964522056a9683ee [32m200[0m 0.829 ms - 261[0m
2022-08-27 18:57:20 info: Connecting to Database..
2022-08-27 18:57:20 info: [0mPOST /api/employee [32m201[0m 10.626 ms - 198[0m
2022-08-27 18:57:20 info: Connecting to Database..
2022-08-27 18:57:20 error: [PUT] /api/employee/60706478aad6c9ad19a31c84 >> StatusCode:: 409, Message:: This email dsdsds.Stehr@yahoo.com already exists
2022-08-27 18:57:20 info: [0mPUT /api/employee/60706478aad6c9ad19a31c84 [33m409[0m 4.974 ms - 62[0m
2022-08-27 18:57:20 info: Connecting to Database..
2022-08-27 18:57:20 info: [0mDELETE /api/employee/60706478aad6c9ad19a31c84 [32m200[0m 0.638 ms - 230[0m
2022-08-27 18:57:23 info: Connecting to Database..
2022-08-27 18:57:23 info: [0mGET /api/ [32m200[0m 1.389 ms - 2[0m
2022-08-27 18:57:47 info: Connecting to Database..
2022-08-27 18:57:47 info: [0mGET /api/employee [32m200[0m 2.000 ms - 670[0m
2022-08-27 18:57:47 info: Connecting to Database..
2022-08-27 18:57:48 info: [0mGET /api/employee/6309dc48964522056a9683ee [32m200[0m 0.830 ms - 261[0m
2022-08-27 18:57:48 info: Connecting to Database..
2022-08-27 18:57:48 info: [0mPOST /api/employee [32m201[0m 10.579 ms - 198[0m
2022-08-27 18:57:48 info: Connecting to Database..
2022-08-27 18:57:48 error: [PUT] /api/employee/60706478aad6c9ad19a31c84 >> StatusCode:: 409, Message:: This email dsdsds.Stehr@yahoo.com already exists
2022-08-27 18:57:48 info: [0mPUT /api/employee/60706478aad6c9ad19a31c84 [33m409[0m 5.073 ms - 62[0m
2022-08-27 18:57:48 info: Connecting to Database..
2022-08-27 18:57:48 info: [0mDELETE /api/employee/60706478aad6c9ad19a31c84 [32m200[0m 0.508 ms - 230[0m
2022-08-27 18:57:50 info: Connecting to Database..
2022-08-27 18:57:50 info: [0mGET /api/ [32m200[0m 1.380 ms - 2[0m
2022-08-27 18:58:19 info: Connecting to Database..
2022-08-27 18:58:19 info: [0mGET /api/employee [32m200[0m 2.076 ms - 670[0m
2022-08-27 18:58:19 info: Connecting to Database..
2022-08-27 18:58:19 info: [0mGET /api/employee/6309dc48964522056a9683ee [32m200[0m 1.104 ms - 261[0m
2022-08-27 18:58:19 info: Connecting to Database..
2022-08-27 18:58:19 info: [0mPOST /api/employee [32m201[0m 10.412 ms - 198[0m
2022-08-27 18:58:19 info: Connecting to Database..
2022-08-27 18:58:19 error: [PUT] /api/employee/60706478aad6c9ad19a31c84 >> StatusCode:: 409, Message:: This email dsdsds.Stehr@yahoo.com already exists
2022-08-27 18:58:19 info: [0mPUT /api/employee/60706478aad6c9ad19a31c84 [33m409[0m 7.085 ms - 62[0m
2022-08-27 18:58:19 info: Connecting to Database..
2022-08-27 18:58:19 info: [0mDELETE /api/employee/60706478aad6c9ad19a31c84 [32m200[0m 0.475 ms - 230[0m
2022-08-27 18:58:21 info: Connecting to Database..
2022-08-27 18:58:21 info: [0mGET /api/ [32m200[0m 1.608 ms - 2[0m
2022-08-27 18:58:22 info: MongoDb Connected
2022-08-27 18:58:44 info: Connecting to Database..
2022-08-27 18:58:45 info: [0mGET /api/ [32m200[0m 1.662 ms - 2[0m
2022-08-27 18:58:45 info: Connecting to Database..
2022-08-27 18:58:45 info: [0mGET /api/employee [32m200[0m 1.941 ms - 670[0m
2022-08-27 18:58:45 info: Connecting to Database..
2022-08-27 18:58:45 info: [0mGET /api/employee/6309dc48964522056a9683ee [32m200[0m 0.626 ms - 261[0m
2022-08-27 18:58:45 info: Connecting to Database..
2022-08-27 18:58:45 info: [0mPOST /api/employee [32m201[0m 10.501 ms - 198[0m
2022-08-27 18:58:45 info: Connecting to Database..
2022-08-27 18:58:45 error: [PUT] /api/employee/60706478aad6c9ad19a31c84 >> StatusCode:: 409, Message:: This email dsdsds.Stehr@yahoo.com already exists
2022-08-27 18:58:45 info: [0mPUT /api/employee/60706478aad6c9ad19a31c84 [33m409[0m 1.898 ms - 62[0m
2022-08-27 18:58:45 info: Connecting to Database..
2022-08-27 18:58:45 info: [0mDELETE /api/employee/60706478aad6c9ad19a31c84 [32m200[0m 0.319 ms - 230[0m
2022-08-27 18:58:45 info: MongoDb Connected
2022-08-27 19:01:08 info: Connecting to Database..
2022-08-27 19:01:08 info: [0mGET /api/ [32m200[0m 1.658 ms - 2[0m
2022-08-27 19:01:09 info: Connecting to Database..
2022-08-27 19:01:09 info: [0mGET /api/employee [32m200[0m 1.914 ms - 670[0m
2022-08-27 19:01:09 info: Connecting to Database..
2022-08-27 19:01:09 info: [0mGET /api/employee/6309dc48964522056a9683ee [32m200[0m 0.945 ms - 261[0m
2022-08-27 19:01:09 info: Connecting to Database..
2022-08-27 19:01:09 info: [0mPOST /api/employee [32m201[0m 11.327 ms - 198[0m
2022-08-27 19:01:09 info: Connecting to Database..
2022-08-27 19:01:09 error: [PUT] /api/employee/60706478aad6c9ad19a31c84 >> StatusCode:: 409, Message:: This email dsdsds.Stehr@yahoo.com already exists
2022-08-27 19:01:09 info: [0mPUT /api/employee/60706478aad6c9ad19a31c84 [33m409[0m 1.898 ms - 62[0m
2022-08-27 19:01:09 info: Connecting to Database..
2022-08-27 19:01:09 info: [0mDELETE /api/employee/60706478aad6c9ad19a31c84 [32m200[0m 0.422 ms - 230[0m
2022-08-27 19:01:10 info: MongoDb Connected
2022-08-27 19:01:16 info: Connecting to Database..
2022-08-27 19:01:17 info: MongoDb Connected
2022-08-27 19:01:22 info: [0mGET /api/employee [32m200[0m 73.370 ms - -[0m
2022-08-27 19:01:41 info: [0mGET /api/employee [32m200[0m 64.008 ms - -[0m
