2022-08-24 11:25:52 error: uncaughtException: The `uri` parameter to `openUri()` must be a string, got "undefined". Make sure the first parameter to `mongoose.connect()` or `mongoose.createConnection()` is a string.
MongooseError: The `uri` parameter to `openUri()` must be a string, got "undefined". Make sure the first parameter to `mongoose.connect()` or `mongoose.createConnection()` is a string.
    at Connection.openUri (/Users/ushanfernando/Desktop/Workspace/CodingChallenges/employee-manager-api/node_modules/mongoose/lib/connection.js:694:11)
    at /Users/ushanfernando/Desktop/Workspace/CodingChallenges/employee-manager-api/node_modules/mongoose/lib/index.js:380:10
    at /Users/ushanfernando/Desktop/Workspace/CodingChallenges/employee-manager-api/node_modules/mongoose/lib/helpers/promiseOrCallback.js:41:5
    at new Promise (<anonymous>)
    at promiseOrCallback (/Users/ushanfernando/Desktop/Workspace/CodingChallenges/employee-manager-api/node_modules/mongoose/lib/helpers/promiseOrCallback.js:40:10)
    at Mongoose._promiseOrCallback (/Users/ushanfernando/Desktop/Workspace/CodingChallenges/employee-manager-api/node_modules/mongoose/lib/index.js:1225:10)
    at Mongoose.connect (/Users/ushanfernando/Desktop/Workspace/CodingChallenges/employee-manager-api/node_modules/mongoose/lib/index.js:379:20)
    at connectToDatabase (/Users/ushanfernando/Desktop/Workspace/CodingChallenges/employee-manager-api/dist/databases/index.js:20:27)
    at new App (/Users/ushanfernando/Desktop/Workspace/CodingChallenges/employee-manager-api/dist/app.js:84:42)
    at Object.<anonymous> (/Users/ushanfernando/Desktop/Workspace/CodingChallenges/employee-manager-api/dist/server.js:17:13)
2022-08-24 11:26:37 error: uncaughtException: The `uri` parameter to `openUri()` must be a string, got "undefined". Make sure the first parameter to `mongoose.connect()` or `mongoose.createConnection()` is a string.
MongooseError: The `uri` parameter to `openUri()` must be a string, got "undefined". Make sure the first parameter to `mongoose.connect()` or `mongoose.createConnection()` is a string.
    at Connection.openUri (/Users/ushanfernando/Desktop/Workspace/CodingChallenges/employee-manager-api/node_modules/mongoose/lib/connection.js:694:11)
    at /Users/ushanfernando/Desktop/Workspace/CodingChallenges/employee-manager-api/node_modules/mongoose/lib/index.js:380:10
    at /Users/ushanfernando/Desktop/Workspace/CodingChallenges/employee-manager-api/node_modules/mongoose/lib/helpers/promiseOrCallback.js:41:5
    at new Promise (<anonymous>)
    at promiseOrCallback (/Users/ushanfernando/Desktop/Workspace/CodingChallenges/employee-manager-api/node_modules/mongoose/lib/helpers/promiseOrCallback.js:40:10)
    at Mongoose._promiseOrCallback (/Users/ushanfernando/Desktop/Workspace/CodingChallenges/employee-manager-api/node_modules/mongoose/lib/index.js:1225:10)
    at Mongoose.connect (/Users/ushanfernando/Desktop/Workspace/CodingChallenges/employee-manager-api/node_modules/mongoose/lib/index.js:379:20)
    at connectToDatabase (/Users/ushanfernando/Desktop/Workspace/CodingChallenges/employee-manager-api/dist/databases/index.js:20:27)
    at new App (/Users/ushanfernando/Desktop/Workspace/CodingChallenges/employee-manager-api/dist/app.js:84:42)
    at Object.<anonymous> (/Users/ushanfernando/Desktop/Workspace/CodingChallenges/employee-manager-api/dist/server.js:17:13)
