2022-08-22 10:33:04 error: uncaughtException: listen EADDRINUSE: address already in use :::5000
Error: listen EADDRINUSE: address already in use :::5000
    at Server.setupListenHandle [as _listen2] (node:net:1380:16)
    at listenInCluster (node:net:1428:12)
    at Server.listen (node:net:1516:7)
    at Function.listen (/Users/ushanfernando/Desktop/Workspace/CodingChallenges/employee-manager-api/node_modules/express/lib/application.js:635:24)
    at App.listen (/Users/ushanfernando/Desktop/Workspace/CodingChallenges/employee-manager-api/src/app.ts:35:14)
    at Object.<anonymous> (/Users/ushanfernando/Desktop/Workspace/CodingChallenges/employee-manager-api/src/server.ts:11:5)
    at Module._compile (node:internal/modules/cjs/loader:1105:14)
    at Module.m._compile (/Users/ushanfernando/Desktop/Workspace/CodingChallenges/employee-manager-api/node_modules/ts-node/src/index.ts:1618:23)
    at Module._extensions..js (node:internal/modules/cjs/loader:1159:10)
    at Object.require.extensions.<computed> [as .ts] (/Users/ushanfernando/Desktop/Workspace/CodingChallenges/employee-manager-api/node_modules/ts-node/src/index.ts:1621:12)
2022-08-22 10:34:26 error: uncaughtException: Could not connect to any servers in your MongoDB Atlas cluster. One common reason is that you're trying to access the database from an IP that isn't whitelisted. Make sure your current IP address is on your Atlas cluster's IP whitelist: https://docs.atlas.mongodb.com/security-whitelist/
MongooseServerSelectionError: Could not connect to any servers in your MongoDB Atlas cluster. One common reason is that you're trying to access the database from an IP that isn't whitelisted. Make sure your current IP address is on your Atlas cluster's IP whitelist: https://docs.atlas.mongodb.com/security-whitelist/
    at NativeConnection.Connection.openUri (/Users/ushanfernando/Desktop/Workspace/CodingChallenges/employee-manager-api/node_modules/mongoose/lib/connection.js:824:32)
    at /Users/ushanfernando/Desktop/Workspace/CodingChallenges/employee-manager-api/node_modules/mongoose/lib/index.js:380:10
    at /Users/ushanfernando/Desktop/Workspace/CodingChallenges/employee-manager-api/node_modules/mongoose/lib/helpers/promiseOrCallback.js:41:5
    at new Promise (<anonymous>)
    at promiseOrCallback (/Users/ushanfernando/Desktop/Workspace/CodingChallenges/employee-manager-api/node_modules/mongoose/lib/helpers/promiseOrCallback.js:40:10)
    at Mongoose._promiseOrCallback (/Users/ushanfernando/Desktop/Workspace/CodingChallenges/employee-manager-api/node_modules/mongoose/lib/index.js:1225:10)
    at Mongoose.connect (/Users/ushanfernando/Desktop/Workspace/CodingChallenges/employee-manager-api/node_modules/mongoose/lib/index.js:379:20)
    at App.connectToDatabase (/Users/ushanfernando/Desktop/Workspace/CodingChallenges/employee-manager-api/src/app.ts:52:12)
    at new App (/Users/ushanfernando/Desktop/Workspace/CodingChallenges/employee-manager-api/src/app.ts:27:10)
    at Object.<anonymous> (/Users/ushanfernando/Desktop/Workspace/CodingChallenges/employee-manager-api/src/server.ts:9:13)
2022-08-22 10:45:18 error: uncaughtException: Could not connect to any servers in your MongoDB Atlas cluster. One common reason is that you're trying to access the database from an IP that isn't whitelisted. Make sure your current IP address is on your Atlas cluster's IP whitelist: https://docs.atlas.mongodb.com/security-whitelist/
MongooseServerSelectionError: Could not connect to any servers in your MongoDB Atlas cluster. One common reason is that you're trying to access the database from an IP that isn't whitelisted. Make sure your current IP address is on your Atlas cluster's IP whitelist: https://docs.atlas.mongodb.com/security-whitelist/
    at NativeConnection.Connection.openUri (/Users/ushanfernando/Desktop/Workspace/CodingChallenges/employee-manager-api/node_modules/mongoose/lib/connection.js:824:32)
    at /Users/ushanfernando/Desktop/Workspace/CodingChallenges/employee-manager-api/node_modules/mongoose/lib/index.js:380:10
    at /Users/ushanfernando/Desktop/Workspace/CodingChallenges/employee-manager-api/node_modules/mongoose/lib/helpers/promiseOrCallback.js:41:5
    at new Promise (<anonymous>)
    at promiseOrCallback (/Users/ushanfernando/Desktop/Workspace/CodingChallenges/employee-manager-api/node_modules/mongoose/lib/helpers/promiseOrCallback.js:40:10)
    at Mongoose._promiseOrCallback (/Users/ushanfernando/Desktop/Workspace/CodingChallenges/employee-manager-api/node_modules/mongoose/lib/index.js:1225:10)
    at Mongoose.connect (/Users/ushanfernando/Desktop/Workspace/CodingChallenges/employee-manager-api/node_modules/mongoose/lib/index.js:379:20)
    at App.connectToDatabase (/Users/ushanfernando/Desktop/Workspace/CodingChallenges/employee-manager-api/src/app.ts:52:12)
    at new App (/Users/ushanfernando/Desktop/Workspace/CodingChallenges/employee-manager-api/src/app.ts:27:10)
    at Object.<anonymous> (/Users/ushanfernando/Desktop/Workspace/CodingChallenges/employee-manager-api/src/server.ts:9:13)
2022-08-22 10:55:04 error: uncaughtException: Could not connect to any servers in your MongoDB Atlas cluster. One common reason is that you're trying to access the database from an IP that isn't whitelisted. Make sure your current IP address is on your Atlas cluster's IP whitelist: https://docs.atlas.mongodb.com/security-whitelist/
MongooseServerSelectionError: Could not connect to any servers in your MongoDB Atlas cluster. One common reason is that you're trying to access the database from an IP that isn't whitelisted. Make sure your current IP address is on your Atlas cluster's IP whitelist: https://docs.atlas.mongodb.com/security-whitelist/
    at NativeConnection.Connection.openUri (/Users/ushanfernando/Desktop/Workspace/CodingChallenges/employee-manager-api/node_modules/mongoose/lib/connection.js:824:32)
    at /Users/ushanfernando/Desktop/Workspace/CodingChallenges/employee-manager-api/node_modules/mongoose/lib/index.js:380:10
    at /Users/ushanfernando/Desktop/Workspace/CodingChallenges/employee-manager-api/node_modules/mongoose/lib/helpers/promiseOrCallback.js:41:5
    at new Promise (<anonymous>)
    at promiseOrCallback (/Users/ushanfernando/Desktop/Workspace/CodingChallenges/employee-manager-api/node_modules/mongoose/lib/helpers/promiseOrCallback.js:40:10)
    at Mongoose._promiseOrCallback (/Users/ushanfernando/Desktop/Workspace/CodingChallenges/employee-manager-api/node_modules/mongoose/lib/index.js:1225:10)
    at Mongoose.connect (/Users/ushanfernando/Desktop/Workspace/CodingChallenges/employee-manager-api/node_modules/mongoose/lib/index.js:379:20)
    at App.connectToDatabase (/Users/ushanfernando/Desktop/Workspace/CodingChallenges/employee-manager-api/src/app.ts:52:12)
    at new App (/Users/ushanfernando/Desktop/Workspace/CodingChallenges/employee-manager-api/src/app.ts:27:10)
    at Object.<anonymous> (/Users/ushanfernando/Desktop/Workspace/CodingChallenges/employee-manager-api/src/server.ts:9:13)
2022-08-22 10:56:30 error: uncaughtException: Could not connect to any servers in your MongoDB Atlas cluster. One common reason is that you're trying to access the database from an IP that isn't whitelisted. Make sure your current IP address is on your Atlas cluster's IP whitelist: https://docs.atlas.mongodb.com/security-whitelist/
MongooseServerSelectionError: Could not connect to any servers in your MongoDB Atlas cluster. One common reason is that you're trying to access the database from an IP that isn't whitelisted. Make sure your current IP address is on your Atlas cluster's IP whitelist: https://docs.atlas.mongodb.com/security-whitelist/
    at NativeConnection.Connection.openUri (/Users/ushanfernando/Desktop/Workspace/CodingChallenges/employee-manager-api/node_modules/mongoose/lib/connection.js:824:32)
    at /Users/ushanfernando/Desktop/Workspace/CodingChallenges/employee-manager-api/node_modules/mongoose/lib/index.js:380:10
    at /Users/ushanfernando/Desktop/Workspace/CodingChallenges/employee-manager-api/node_modules/mongoose/lib/helpers/promiseOrCallback.js:41:5
    at new Promise (<anonymous>)
    at promiseOrCallback (/Users/ushanfernando/Desktop/Workspace/CodingChallenges/employee-manager-api/node_modules/mongoose/lib/helpers/promiseOrCallback.js:40:10)
    at Mongoose._promiseOrCallback (/Users/ushanfernando/Desktop/Workspace/CodingChallenges/employee-manager-api/node_modules/mongoose/lib/index.js:1225:10)
    at Mongoose.connect (/Users/ushanfernando/Desktop/Workspace/CodingChallenges/employee-manager-api/node_modules/mongoose/lib/index.js:379:20)
    at App.connectToDatabase (/Users/ushanfernando/Desktop/Workspace/CodingChallenges/employee-manager-api/src/app.ts:52:12)
    at new App (/Users/ushanfernando/Desktop/Workspace/CodingChallenges/employee-manager-api/src/app.ts:27:10)
    at Object.<anonymous> (/Users/ushanfernando/Desktop/Workspace/CodingChallenges/employee-manager-api/src/server.ts:9:13)
2022-08-22 10:58:32 error: uncaughtException: (0 , mongoose_1.set) is not a function
TypeError: (0 , mongoose_1.set) is not a function
    at App.connectToDatabase (/Users/ushanfernando/Desktop/Workspace/CodingChallenges/employee-manager-api/src/app.ts:49:10)
    at new App (/Users/ushanfernando/Desktop/Workspace/CodingChallenges/employee-manager-api/src/app.ts:27:10)
    at Object.<anonymous> (/Users/ushanfernando/Desktop/Workspace/CodingChallenges/employee-manager-api/src/server.ts:9:13)
    at Module._compile (node:internal/modules/cjs/loader:1105:14)
    at Module.m._compile (/Users/ushanfernando/Desktop/Workspace/CodingChallenges/employee-manager-api/node_modules/ts-node/src/index.ts:1618:23)
    at Module._extensions..js (node:internal/modules/cjs/loader:1159:10)
    at Object.require.extensions.<computed> [as .ts] (/Users/ushanfernando/Desktop/Workspace/CodingChallenges/employee-manager-api/node_modules/ts-node/src/index.ts:1621:12)
    at Module.load (node:internal/modules/cjs/loader:981:32)
    at Function.Module._load (node:internal/modules/cjs/loader:827:12)
    at Function.executeUserEntryPoint [as runMain] (node:internal/modules/run_main:77:12)
2022-08-22 10:58:51 error: uncaughtException: (0 , mongoose_1.set) is not a function
TypeError: (0 , mongoose_1.set) is not a function
    at App.connectToDatabase (/Users/ushanfernando/Desktop/Workspace/CodingChallenges/employee-manager-api/src/app.ts:49:10)
    at new App (/Users/ushanfernando/Desktop/Workspace/CodingChallenges/employee-manager-api/src/app.ts:27:10)
    at Object.<anonymous> (/Users/ushanfernando/Desktop/Workspace/CodingChallenges/employee-manager-api/src/server.ts:9:13)
    at Module._compile (node:internal/modules/cjs/loader:1105:14)
    at Module.m._compile (/Users/ushanfernando/Desktop/Workspace/CodingChallenges/employee-manager-api/node_modules/ts-node/src/index.ts:1618:23)
    at Module._extensions..js (node:internal/modules/cjs/loader:1159:10)
    at Object.require.extensions.<computed> [as .ts] (/Users/ushanfernando/Desktop/Workspace/CodingChallenges/employee-manager-api/node_modules/ts-node/src/index.ts:1621:12)
    at Module.load (node:internal/modules/cjs/loader:981:32)
    at Function.Module._load (node:internal/modules/cjs/loader:827:12)
    at Function.executeUserEntryPoint [as runMain] (node:internal/modules/run_main:77:12)
2022-08-22 10:59:12 error: uncaughtException: (0 , mongoose_1.set) is not a function
TypeError: (0 , mongoose_1.set) is not a function
    at App.connectToDatabase (/Users/ushanfernando/Desktop/Workspace/CodingChallenges/employee-manager-api/src/app.ts:49:10)
    at new App (/Users/ushanfernando/Desktop/Workspace/CodingChallenges/employee-manager-api/src/app.ts:27:10)
    at Object.<anonymous> (/Users/ushanfernando/Desktop/Workspace/CodingChallenges/employee-manager-api/src/server.ts:9:13)
    at Module._compile (node:internal/modules/cjs/loader:1105:14)
    at Module.m._compile (/Users/ushanfernando/Desktop/Workspace/CodingChallenges/employee-manager-api/node_modules/ts-node/src/index.ts:1618:23)
    at Module._extensions..js (node:internal/modules/cjs/loader:1159:10)
    at Object.require.extensions.<computed> [as .ts] (/Users/ushanfernando/Desktop/Workspace/CodingChallenges/employee-manager-api/node_modules/ts-node/src/index.ts:1621:12)
    at Module.load (node:internal/modules/cjs/loader:981:32)
    at Function.Module._load (node:internal/modules/cjs/loader:827:12)
    at Function.executeUserEntryPoint [as runMain] (node:internal/modules/run_main:77:12)
2022-08-22 10:59:24 error: uncaughtException: (0 , mongoose_1.set) is not a function
TypeError: (0 , mongoose_1.set) is not a function
    at App.connectToDatabase (/Users/ushanfernando/Desktop/Workspace/CodingChallenges/employee-manager-api/src/app.ts:49:10)
    at new App (/Users/ushanfernando/Desktop/Workspace/CodingChallenges/employee-manager-api/src/app.ts:27:10)
    at Object.<anonymous> (/Users/ushanfernando/Desktop/Workspace/CodingChallenges/employee-manager-api/src/server.ts:9:13)
    at Module._compile (node:internal/modules/cjs/loader:1105:14)
    at Module.m._compile (/Users/ushanfernando/Desktop/Workspace/CodingChallenges/employee-manager-api/node_modules/ts-node/src/index.ts:1618:23)
    at Module._extensions..js (node:internal/modules/cjs/loader:1159:10)
    at Object.require.extensions.<computed> [as .ts] (/Users/ushanfernando/Desktop/Workspace/CodingChallenges/employee-manager-api/node_modules/ts-node/src/index.ts:1621:12)
    at Module.load (node:internal/modules/cjs/loader:981:32)
    at Function.Module._load (node:internal/modules/cjs/loader:827:12)
    at Function.executeUserEntryPoint [as runMain] (node:internal/modules/run_main:77:12)
2022-08-22 11:02:03 error: MongoDb Error
2022-08-22 11:02:03 error: uncaughtException: Could not connect to any servers in your MongoDB Atlas cluster. One common reason is that you're trying to access the database from an IP that isn't whitelisted. Make sure your current IP address is on your Atlas cluster's IP whitelist: https://docs.atlas.mongodb.com/security-whitelist/
MongooseServerSelectionError: Could not connect to any servers in your MongoDB Atlas cluster. One common reason is that you're trying to access the database from an IP that isn't whitelisted. Make sure your current IP address is on your Atlas cluster's IP whitelist: https://docs.atlas.mongodb.com/security-whitelist/
    at NativeConnection.Connection.openUri (/Users/ushanfernando/Desktop/Workspace/CodingChallenges/employee-manager-api/node_modules/mongoose/lib/connection.js:824:32)
    at /Users/ushanfernando/Desktop/Workspace/CodingChallenges/employee-manager-api/node_modules/mongoose/lib/index.js:380:10
    at /Users/ushanfernando/Desktop/Workspace/CodingChallenges/employee-manager-api/node_modules/mongoose/lib/helpers/promiseOrCallback.js:41:5
    at new Promise (<anonymous>)
    at promiseOrCallback (/Users/ushanfernando/Desktop/Workspace/CodingChallenges/employee-manager-api/node_modules/mongoose/lib/helpers/promiseOrCallback.js:40:10)
    at Mongoose._promiseOrCallback (/Users/ushanfernando/Desktop/Workspace/CodingChallenges/employee-manager-api/node_modules/mongoose/lib/index.js:1225:10)
    at Mongoose.connect (/Users/ushanfernando/Desktop/Workspace/CodingChallenges/employee-manager-api/node_modules/mongoose/lib/index.js:379:20)
    at App.connectToDatabase (/Users/ushanfernando/Desktop/Workspace/CodingChallenges/employee-manager-api/src/app.ts:52:12)
    at new App (/Users/ushanfernando/Desktop/Workspace/CodingChallenges/employee-manager-api/src/app.ts:27:10)
    at Object.<anonymous> (/Users/ushanfernando/Desktop/Workspace/CodingChallenges/employee-manager-api/src/server.ts:9:13)
2022-08-22 11:03:05 error: Could not connect to any servers in your MongoDB Atlas cluster. One common reason is that you're trying to access the database from an IP that isn't whitelisted. Make sure your current IP address is on your Atlas cluster's IP whitelist: https://docs.atlas.mongodb.com/security-whitelist/
2022-08-22 11:03:05 error: uncaughtException: Could not connect to any servers in your MongoDB Atlas cluster. One common reason is that you're trying to access the database from an IP that isn't whitelisted. Make sure your current IP address is on your Atlas cluster's IP whitelist: https://docs.atlas.mongodb.com/security-whitelist/
MongooseServerSelectionError: Could not connect to any servers in your MongoDB Atlas cluster. One common reason is that you're trying to access the database from an IP that isn't whitelisted. Make sure your current IP address is on your Atlas cluster's IP whitelist: https://docs.atlas.mongodb.com/security-whitelist/
    at NativeConnection.Connection.openUri (/Users/ushanfernando/Desktop/Workspace/CodingChallenges/employee-manager-api/node_modules/mongoose/lib/connection.js:824:32)
    at /Users/ushanfernando/Desktop/Workspace/CodingChallenges/employee-manager-api/node_modules/mongoose/lib/index.js:380:10
    at /Users/ushanfernando/Desktop/Workspace/CodingChallenges/employee-manager-api/node_modules/mongoose/lib/helpers/promiseOrCallback.js:41:5
    at new Promise (<anonymous>)
    at promiseOrCallback (/Users/ushanfernando/Desktop/Workspace/CodingChallenges/employee-manager-api/node_modules/mongoose/lib/helpers/promiseOrCallback.js:40:10)
    at Mongoose._promiseOrCallback (/Users/ushanfernando/Desktop/Workspace/CodingChallenges/employee-manager-api/node_modules/mongoose/lib/index.js:1225:10)
    at Mongoose.connect (/Users/ushanfernando/Desktop/Workspace/CodingChallenges/employee-manager-api/node_modules/mongoose/lib/index.js:379:20)
    at App.connectToDatabase (/Users/ushanfernando/Desktop/Workspace/CodingChallenges/employee-manager-api/src/app.ts:53:12)
    at new App (/Users/ushanfernando/Desktop/Workspace/CodingChallenges/employee-manager-api/src/app.ts:27:10)
    at Object.<anonymous> (/Users/ushanfernando/Desktop/Workspace/CodingChallenges/employee-manager-api/src/server.ts:9:13)
2022-08-22 11:05:31 error: uncaughtException: Cannot read properties of undefined (reading 'url')
TypeError: Cannot read properties of undefined (reading 'url')
    at App.connectToDatabase (/Users/ushanfernando/Desktop/Workspace/CodingChallenges/employee-manager-api/src/app.ts:53:26)
    at new App (/Users/ushanfernando/Desktop/Workspace/CodingChallenges/employee-manager-api/src/app.ts:27:10)
    at Object.<anonymous> (/Users/ushanfernando/Desktop/Workspace/CodingChallenges/employee-manager-api/src/server.ts:9:13)
    at Module._compile (node:internal/modules/cjs/loader:1105:14)
    at Module.m._compile (/Users/ushanfernando/Desktop/Workspace/CodingChallenges/employee-manager-api/node_modules/ts-node/src/index.ts:1618:23)
    at Module._extensions..js (node:internal/modules/cjs/loader:1159:10)
    at Object.require.extensions.<computed> [as .ts] (/Users/ushanfernando/Desktop/Workspace/CodingChallenges/employee-manager-api/node_modules/ts-node/src/index.ts:1621:12)
    at Module.load (node:internal/modules/cjs/loader:981:32)
    at Function.Module._load (node:internal/modules/cjs/loader:827:12)
    at Function.executeUserEntryPoint [as runMain] (node:internal/modules/run_main:77:12)
2022-08-22 11:06:55 error: Could not connect to any servers in your MongoDB Atlas cluster. One common reason is that you're trying to access the database from an IP that isn't whitelisted. Make sure your current IP address is on your Atlas cluster's IP whitelist: https://docs.atlas.mongodb.com/security-whitelist/
2022-08-22 11:06:55 error: uncaughtException: Could not connect to any servers in your MongoDB Atlas cluster. One common reason is that you're trying to access the database from an IP that isn't whitelisted. Make sure your current IP address is on your Atlas cluster's IP whitelist: https://docs.atlas.mongodb.com/security-whitelist/
MongooseServerSelectionError: Could not connect to any servers in your MongoDB Atlas cluster. One common reason is that you're trying to access the database from an IP that isn't whitelisted. Make sure your current IP address is on your Atlas cluster's IP whitelist: https://docs.atlas.mongodb.com/security-whitelist/
    at NativeConnection.Connection.openUri (/Users/ushanfernando/Desktop/Workspace/CodingChallenges/employee-manager-api/node_modules/mongoose/lib/connection.js:824:32)
    at /Users/ushanfernando/Desktop/Workspace/CodingChallenges/employee-manager-api/node_modules/mongoose/lib/index.js:380:10
    at /Users/ushanfernando/Desktop/Workspace/CodingChallenges/employee-manager-api/node_modules/mongoose/lib/helpers/promiseOrCallback.js:41:5
    at new Promise (<anonymous>)
    at promiseOrCallback (/Users/ushanfernando/Desktop/Workspace/CodingChallenges/employee-manager-api/node_modules/mongoose/lib/helpers/promiseOrCallback.js:40:10)
    at Mongoose._promiseOrCallback (/Users/ushanfernando/Desktop/Workspace/CodingChallenges/employee-manager-api/node_modules/mongoose/lib/index.js:1225:10)
    at Mongoose.connect (/Users/ushanfernando/Desktop/Workspace/CodingChallenges/employee-manager-api/node_modules/mongoose/lib/index.js:379:20)
    at connectToDatabase (/Users/ushanfernando/Desktop/Workspace/CodingChallenges/employee-manager-api/src/databases/index.ts:15:10)
    at new App (/Users/ushanfernando/Desktop/Workspace/CodingChallenges/employee-manager-api/src/app.ts:27:22)
    at Object.<anonymous> (/Users/ushanfernando/Desktop/Workspace/CodingChallenges/employee-manager-api/src/server.ts:9:13)
2022-08-22 11:08:13 error: Could not connect to any servers in your MongoDB Atlas cluster. One common reason is that you're trying to access the database from an IP that isn't whitelisted. Make sure your current IP address is on your Atlas cluster's IP whitelist: https://docs.atlas.mongodb.com/security-whitelist/
2022-08-22 11:08:13 error: uncaughtException: Could not connect to any servers in your MongoDB Atlas cluster. One common reason is that you're trying to access the database from an IP that isn't whitelisted. Make sure your current IP address is on your Atlas cluster's IP whitelist: https://docs.atlas.mongodb.com/security-whitelist/
MongooseServerSelectionError: Could not connect to any servers in your MongoDB Atlas cluster. One common reason is that you're trying to access the database from an IP that isn't whitelisted. Make sure your current IP address is on your Atlas cluster's IP whitelist: https://docs.atlas.mongodb.com/security-whitelist/
    at NativeConnection.Connection.openUri (/Users/ushanfernando/Desktop/Workspace/CodingChallenges/employee-manager-api/node_modules/mongoose/lib/connection.js:824:32)
    at /Users/ushanfernando/Desktop/Workspace/CodingChallenges/employee-manager-api/node_modules/mongoose/lib/index.js:380:10
    at /Users/ushanfernando/Desktop/Workspace/CodingChallenges/employee-manager-api/node_modules/mongoose/lib/helpers/promiseOrCallback.js:41:5
    at new Promise (<anonymous>)
    at promiseOrCallback (/Users/ushanfernando/Desktop/Workspace/CodingChallenges/employee-manager-api/node_modules/mongoose/lib/helpers/promiseOrCallback.js:40:10)
    at Mongoose._promiseOrCallback (/Users/ushanfernando/Desktop/Workspace/CodingChallenges/employee-manager-api/node_modules/mongoose/lib/index.js:1225:10)
    at Mongoose.connect (/Users/ushanfernando/Desktop/Workspace/CodingChallenges/employee-manager-api/node_modules/mongoose/lib/index.js:379:20)
    at connectToDatabase (/Users/ushanfernando/Desktop/Workspace/CodingChallenges/employee-manager-api/src/databases/index.ts:15:10)
    at new App (/Users/ushanfernando/Desktop/Workspace/CodingChallenges/employee-manager-api/src/app.ts:27:22)
    at Object.<anonymous> (/Users/ushanfernando/Desktop/Workspace/CodingChallenges/employee-manager-api/src/server.ts:9:13)
2022-08-22 11:09:37 error: Could not connect to any servers in your MongoDB Atlas cluster. One common reason is that you're trying to access the database from an IP that isn't whitelisted. Make sure your current IP address is on your Atlas cluster's IP whitelist: https://docs.atlas.mongodb.com/security-whitelist/
2022-08-22 11:09:37 error: uncaughtException: Could not connect to any servers in your MongoDB Atlas cluster. One common reason is that you're trying to access the database from an IP that isn't whitelisted. Make sure your current IP address is on your Atlas cluster's IP whitelist: https://docs.atlas.mongodb.com/security-whitelist/
MongooseServerSelectionError: Could not connect to any servers in your MongoDB Atlas cluster. One common reason is that you're trying to access the database from an IP that isn't whitelisted. Make sure your current IP address is on your Atlas cluster's IP whitelist: https://docs.atlas.mongodb.com/security-whitelist/
    at NativeConnection.Connection.openUri (/Users/ushanfernando/Desktop/Workspace/CodingChallenges/employee-manager-api/node_modules/mongoose/lib/connection.js:824:32)
    at /Users/ushanfernando/Desktop/Workspace/CodingChallenges/employee-manager-api/node_modules/mongoose/lib/index.js:380:10
    at /Users/ushanfernando/Desktop/Workspace/CodingChallenges/employee-manager-api/node_modules/mongoose/lib/helpers/promiseOrCallback.js:41:5
    at new Promise (<anonymous>)
    at promiseOrCallback (/Users/ushanfernando/Desktop/Workspace/CodingChallenges/employee-manager-api/node_modules/mongoose/lib/helpers/promiseOrCallback.js:40:10)
    at Mongoose._promiseOrCallback (/Users/ushanfernando/Desktop/Workspace/CodingChallenges/employee-manager-api/node_modules/mongoose/lib/index.js:1225:10)
    at Mongoose.connect (/Users/ushanfernando/Desktop/Workspace/CodingChallenges/employee-manager-api/node_modules/mongoose/lib/index.js:379:20)
    at connectToDatabase (/Users/ushanfernando/Desktop/Workspace/CodingChallenges/employee-manager-api/src/databases/index.ts:15:10)
    at new App (/Users/ushanfernando/Desktop/Workspace/CodingChallenges/employee-manager-api/src/app.ts:27:22)
    at Object.<anonymous> (/Users/ushanfernando/Desktop/Workspace/CodingChallenges/employee-manager-api/src/server.ts:9:13)
2022-08-22 14:09:28 error: [POST] /api/employee >> StatusCode:: 400, Message:: property firstName should not exist, property lastName should not exist, property number should not exist, property gender should not exist, property id should not exist, property photo should not exist, password must be a string
2022-08-22 14:11:26 error: [POST] /api/employee >> StatusCode:: 400, Message:: number must be shorter than or equal to 10 characters
2022-08-22 14:22:09 error: [POST] /api/employee >> StatusCode:: 500, Message:: Invalid locale 'LK'
2022-08-22 14:22:33 error: [POST] /api/employee >> StatusCode:: 500, Message:: Invalid locale 'SL'
2022-08-22 14:24:27 error: [POST] /api/employee >> StatusCode:: 400, Message:: number must be a phone number
2022-08-22 14:24:50 error: [POST] /api/employee >> StatusCode:: 400, Message:: number must be a phone number
2022-08-22 14:25:04 error: [POST] /api/employee >> StatusCode:: 400, Message:: number must be a phone number
2022-08-22 14:25:09 error: [POST] /api/employee >> StatusCode:: 400, Message:: number must be a phone number
2022-08-22 14:25:25 error: [POST] /api/employee >> StatusCode:: 400, Message:: Unexpected number in JSON at position 112
2022-08-22 14:25:35 error: [POST] /api/employee >> StatusCode:: 400, Message:: number must be a phone number
2022-08-22 14:28:51 error: [POST] /api/employee >> StatusCode:: 400, Message:: number must be a phone number
2022-08-22 14:30:10 error: [POST] /api/employee >> StatusCode:: 500, Message:: Invalid locale 'SL'
2022-08-22 14:38:49 error: [POST] /api/employee >> StatusCode:: 409, Message:: This email Darrin_Rippin@gmail.com already exists
2022-08-22 14:38:55 error: [POST] /api/employee >> StatusCode:: 400, Message:: number must be a phone number
2022-08-22 14:39:04 error: [POST] /api/employee >> StatusCode:: 400, Message:: number must be a phone number
2022-08-22 14:39:12 error: [POST] /api/employee >> StatusCode:: 409, Message:: This email Darrin_Rippin@gmail.com already exists
2022-08-22 14:40:47 error: [POST] /api/employee >> StatusCode:: 400, Message:: number must be a phone number
2022-08-22 14:42:43 error: [POST] /api/employee >> StatusCode:: 400, Message:: number must be a phone number
2022-08-22 14:42:49 error: [POST] /api/employee >> StatusCode:: 400, Message:: number must be a phone number
2022-08-22 14:45:27 error: [POST] /api/employee >> StatusCode:: 400, Message:: gender must be one of the following values: M, F
2022-08-22 14:45:36 error: [POST] /api/employee >> StatusCode:: 409, Message:: This email Darrin_Rippin@gmail.com already exists
2022-08-22 17:38:19 error: [POST] /api/employee >> StatusCode:: 409, Message:: This email Darrin_Rippin@gmail.com already exists
